{"level":"info","message":"PostgreSQL connected","service":"user-service"}
{"level":"info","message":"Database synced","service":"user-service"}
{"level":"info","message":"Login attempt:","password":"****","service":"user-service","usernameOrEmail":"Tom"}
{"level":"error","message":"Login error: Op is not defined","service":"user-service","stack":"ReferenceError: Op is not defined\n    at /Users/tombux/Desktop/BUXDAO/backend/routes/auth.js:77:10\n    at Layer.handle [as handle_request] (/Users/tombux/Desktop/BUXDAO/backend/node_modules/express/lib/router/layer.js:95:5)\n    at next (/Users/tombux/Desktop/BUXDAO/backend/node_modules/express/lib/router/route.js:149:13)\n    at middleware (/Users/tombux/Desktop/BUXDAO/backend/node_modules/express-validator/lib/middlewares/check.js:16:13)\n    at process.processTicksAndRejections (node:internal/process/task_queues:95:5)"}
{"level":"error","message":"Registration error: Op is not defined","service":"user-service","stack":"ReferenceError: Op is not defined\n    at /Users/tombux/Desktop/BUXDAO/backend/routes/auth.js:38:57\n    at Layer.handle [as handle_request] (/Users/tombux/Desktop/BUXDAO/backend/node_modules/express/lib/router/layer.js:95:5)\n    at next (/Users/tombux/Desktop/BUXDAO/backend/node_modules/express/lib/router/route.js:149:13)\n    at middleware (/Users/tombux/Desktop/BUXDAO/backend/node_modules/express-validator/lib/middlewares/check.js:16:13)\n    at process.processTicksAndRejections (node:internal/process/task_queues:95:5)"}
{"level":"info","message":"PostgreSQL connected","service":"user-service"}
{"level":"info","message":"Database synced","service":"user-service"}
{"email":"tombowe76@gmail.com","level":"info","message":"New user registered:","service":"user-service","username":"Tom"}
{"level":"info","message":"Login attempt:","password":"****","service":"user-service","usernameOrEmail":"Tom"}
{"level":"info","message":"Found user:","service":"user-service"}
{"level":"info","message":"Password valid:","service":"user-service"}
{"level":"info","message":"Change PFP route hit","service":"user-service"}
{"destination":"uploads/","encoding":"7bit","fieldname":"profilePicture","filename":"1728254575481.png","level":"info","message":"File uploaded:","mimetype":"image/png","originalname":"IMG_6143.png","path":"uploads/1728254575481.png","service":"user-service","size":16571817}
{"level":"info","message":"PostgreSQL connected","service":"user-service"}
{"level":"info","message":"Database synced","service":"user-service"}
{"level":"info","message":"Change PFP route hit","service":"user-service"}
{"destination":"uploads/","encoding":"7bit","fieldname":"profilePicture","filename":"1728254875964.png","level":"info","message":"File uploaded:","mimetype":"image/png","originalname":"IMG_6143.png","path":"uploads/1728254875964.png","service":"user-service","size":16571817}
{"level":"info","message":"Login attempt:","password":"****","service":"user-service","usernameOrEmail":"Tom"}
{"level":"info","message":"Found user:","service":"user-service"}
{"level":"info","message":"Password valid:","service":"user-service"}
{"level":"info","message":"Change PFP route hit","service":"user-service"}
{"destination":"uploads/","encoding":"7bit","fieldname":"profilePicture","filename":"1728255219005.png","level":"info","message":"File uploaded:","mimetype":"image/png","originalname":"IMG_6143.png","path":"uploads/1728255219005.png","service":"user-service","size":16571817}
{"level":"info","message":"Login attempt:","password":"****","service":"user-service","usernameOrEmail":"Tom"}
{"level":"info","message":"Found user:","service":"user-service"}
{"level":"info","message":"Password valid:","service":"user-service"}
{"level":"info","message":"PostgreSQL connected","service":"user-service"}
{"level":"info","message":"Database synced","service":"user-service"}
{"level":"info","message":"Login attempt:","password":"****","service":"user-service","usernameOrEmail":"Tom"}
{"level":"info","message":"PostgreSQL connected","service":"user-service"}
{"level":"info","message":"Database synced","service":"user-service"}
{"level":"info","message":"PostgreSQL connected","service":"user-service"}
{"level":"info","message":"Database synced","service":"user-service"}
{"level":"info","message":"Login attempt:","password":"****","service":"user-service","usernameOrEmail":"Tom"}
{"level":"info","message":"Login attempt:","password":"****","service":"user-service","usernameOrEmail":"Tom"}
{"level":"info","message":"Login attempt:","password":"****","service":"user-service","usernameOrEmail":"Tom"}
{"level":"info","message":"Login attempt:","password":"****","service":"user-service","usernameOrEmail":"Tom"}
{"level":"info","message":"Change PFP route hit","service":"user-service"}
{"destination":"uploads/","encoding":"7bit","fieldname":"profilePicture","filename":"1728266537491.png","level":"info","message":"File uploaded:","mimetype":"image/png","originalname":"IMG_6143.png","path":"uploads/1728266537491.png","service":"user-service","size":16571817}
{"level":"info","message":"Login attempt:","password":"****","service":"user-service","usernameOrEmail":"Tom"}
{"level":"info","message":"Login attempt:","password":"****","service":"user-service","usernameOrEmail":"Tom"}
{"level":"info","message":"Login attempt:","password":"****","service":"user-service","usernameOrEmail":"Tom"}
{"level":"info","message":"Login attempt:","password":"****","service":"user-service","usernameOrEmail":"Tom"}
{"level":"info","message":"PostgreSQL connected","service":"user-service"}
{"level":"info","message":"Database synced","service":"user-service"}
{"level":"info","message":"PostgreSQL connected","service":"user-service"}
{"level":"info","message":"Database synced","service":"user-service"}
{"level":"info","message":"PostgreSQL connected","service":"user-service"}
{"level":"info","message":"Database synced","service":"user-service"}
{"level":"info","message":"PostgreSQL connected","service":"user-service"}
{"level":"info","message":"Database synced","service":"user-service"}
{"level":"info","message":"PostgreSQL connected","service":"user-service"}
{"level":"info","message":"Database synced","service":"user-service"}
{"level":"info","message":"Login attempt:","password":"****","service":"user-service","usernameOrEmail":"Tom"}
{"level":"info","message":"Login attempt:","password":"****","service":"user-service","usernameOrEmail":"Tom"}
{"level":"info","message":"Login attempt:","password":"****","service":"user-service","usernameOrEmail":"Tom"}
{"level":"info","message":"Login attempt:","password":"****","service":"user-service","usernameOrEmail":"Tom"}
{"level":"info","message":"PostgreSQL connected","service":"user-service"}
{"level":"info","message":"Database synced","service":"user-service"}
{"level":"info","message":"PostgreSQL connected","service":"user-service"}
{"level":"info","message":"Database synced","service":"user-service"}
{"level":"info","message":"PostgreSQL connected","service":"user-service"}
{"level":"info","message":"Database synced","service":"user-service"}
{"level":"info","message":"PostgreSQL connected","service":"user-service"}
{"level":"info","message":"Database synced","service":"user-service"}
{"level":"info","message":"PostgreSQL connected","service":"user-service"}
{"level":"info","message":"Database synced","service":"user-service"}
{"level":"info","message":"Login attempt:","password":"****","service":"user-service","usernameOrEmail":"Tom"}
{"level":"info","message":"Login attempt:","password":"****","service":"user-service","usernameOrEmail":"Tom"}
{"level":"info","message":"Login attempt:","password":"****","service":"user-service","usernameOrEmail":"Tom"}
{"level":"info","message":"Login attempt:","password":"****","service":"user-service","usernameOrEmail":"Tom"}
{"level":"info","message":"PostgreSQL connected","service":"user-service"}
{"level":"info","message":"Database synced","service":"user-service"}
